
Showing logs for build [32mcb-kubecd-environment-pr-199-33-5zkpz-1[0m stage [32mfrom-build-pack[0m and container [32mstep-credential-initializer-rggkf[0m
{"level":"warn","ts":1586593834.484527,"logger":"fallback-logger","caller":"logging/config.go:69","msg":"Fetch GitHub commit ID from kodata failed: \"ref: refs/heads/0.8.0-**-support-backwards-incompats\" is not a valid GitHub commit ID"}
{"level":"info","ts":1586593834.486892,"logger":"fallback-logger","caller":"creds-init/main.go:40","msg":"Credentials initialized."}

Showing logs for build [32mcb-kubecd-environment-pr-199-33-5zkpz-1[0m stage [32mfrom-build-pack[0m and container [32mstep-working-dir-initializer-4khg4[0m
{"level":"warn","ts":1586593835.9790576,"logger":"fallback-logger","caller":"logging/config.go:69","msg":"Fetch GitHub commit ID from kodata failed: open /var/run/ko/HEAD: no such file or directory"}
{"level":"info","ts":1586593835.9808323,"logger":"fallback-logger","caller":"bash/main.go:64","msg":"Successfully executed command \"sh -c mkdir -p /workspace/source\"; output "}

Showing logs for build [32mcb-kubecd-environment-pr-199-33-5zkpz-1[0m stage [32mfrom-build-pack[0m and container [32mstep-place-tools[0m

Showing logs for build [32mcb-kubecd-environment-pr-199-33-5zkpz-1[0m stage [32mfrom-build-pack[0m and container [32mstep-git-source-cb-kubecd-environment-pr-199-33-5zkpz-w8zfb[0m
{"level":"warn","ts":1586593842.2721612,"logger":"fallback-logger","caller":"logging/config.go:69","msg":"Fetch GitHub commit ID from kodata failed: \"ref: refs/heads/0.8.0-**-support-backwards-incompats\" is not a valid GitHub commit ID"}
{"level":"info","ts":1586593843.3952036,"logger":"fallback-logger","caller":"git/git.go:103","msg":"Successfully cloned https://github.com/cb-kubecd/environment-pr-199-33-boot-gke-staging.git @ master in path /workspace/source"}

Showing logs for build [32mcb-kubecd-environment-pr-199-33-5zkpz-1[0m stage [32mfrom-build-pack[0m and container [32mstep-git-merge[0m
Using SHAs from PULL_REFS=master:e356c763207ba6b651bf1acb84cbfc59a457e35e,1:113aeee661437f5bd6026b727d8c029697c7f409
DEBUG: LC_ALL=C JX_LOG_LEVEL=error git fetch origin --unshallow 113aeee661437f5bd6026b727d8c029697c7f409: e356c763207ba6b651bf1acb84cbfc59a457e35e:
DEBUG: ran git fetch --unshallow origin 113aeee661437f5bd6026b727d8c029697c7f409: e356c763207ba6b651bf1acb84cbfc59a457e35e: in 
DEBUG: LC_ALL=C JX_LOG_LEVEL=error git branch
DEBUG: LC_ALL=C JX_LOG_LEVEL=error git checkout master
DEBUG: ran git checkout master in 
DEBUG: LC_ALL=C JX_LOG_LEVEL=error git reset --hard e356c763207ba6b651bf1acb84cbfc59a457e35e
DEBUG: ran git reset --hard e356c763207ba6b651bf1acb84cbfc59a457e35e in 
DEBUG: LC_ALL=C JX_LOG_LEVEL=error git clean -fd .
DEBUG: ran clean --force -d . in 
DEBUG: LC_ALL=C JX_LOG_LEVEL=error git merge 113aeee661437f5bd6026b727d8c029697c7f409
DEBUG: ran git merge 113aeee661437f5bd6026b727d8c029697c7f409 in 
DEBUG: LC_ALL=C JX_LOG_LEVEL=error git log --format=%H%x1f%an%x1f%ae%x1f%cn%x1f%ce%x1f%s%n%b%x1e e356c763207ba6b651bf1acb84cbfc59a457e35e..HEAD
Merged SHA 113aeee661437f5bd6026b727d8c029697c7f409 with commit message 'chore: Promote bdd-spring-1586593509 to version 0.0.1' into base branch master

Showing logs for build [32mcb-kubecd-environment-pr-199-33-5zkpz-1[0m stage [32mfrom-build-pack[0m and container [32mstep-build-helm-build[0m
WARNING: No $CHART_REPOSITORY defined so using the default value of: http://jenkins-x-chartmuseum:8080
Adding missing Helm repo: storage.googleapis.com https://storage.googleapis.com/chartmuseum.jenkins-x.io
WARNING: No secrets found on "helm/repos" due: reading the secret "helm/repos" from vault: no secret "helm/repos" not found in vault
Read credentials for https://storage.googleapis.com/chartmuseum.jenkins-x.io from vault helm/repos
Successfully added Helm repository storage.googleapis.com.
Adding missing Helm repo: jenkins-x-chartmuseum http://jenkins-x-chartmuseum:8080
WARNING: No secrets found on "helm/repos" due: reading the secret "helm/repos" from vault: no secret "helm/repos" not found in vault
Read credentials for http://jenkins-x-chartmuseum:8080 from vault helm/repos
Successfully added Helm repository jenkins-x-chartmuseum.
WARNING: No $CHART_REPOSITORY defined so using the default value of: http://jenkins-x-chartmuseum:8080
Adding missing Helm repo: chartmuseum.jenkins-x.io http://chartmuseum.jenkins-x.io
WARNING: No secrets found on "helm/repos" due: reading the secret "helm/repos" from vault: no secret "helm/repos" not found in vault
Read credentials for http://chartmuseum.jenkins-x.io from vault helm/repos
Successfully added Helm repository chartmuseum.jenkins-x.io.
